CustomerApp/app/seeds.txt
com.startupinfosystem.hstore.activity.InfoActivity: void onClick(android.view.View)
com.startupinfosystem.hstore.model.Couponlist: java.lang.String couponTitle
com.startupinfosystem.hstore.fragment.SubCategoryFragment_ViewBinding: SubCategoryFragment_ViewBinding(com.startupinfosystem.hstore.fragment.SubCategoryFragment,android.view.View)
com.startupinfosystem.hstore.model.Times: java.lang.String mResponseCode
com.startupinfosystem.hstore.fragment.OrderSumrryFragment$ItemAdp$ViewHolder_ViewBinding: OrderSumrryFragment$ItemAdp$ViewHolder_ViewBinding(com.startupinfosystem.hstore.fragment.OrderSumrryFragment$ItemAdp$ViewHolder,android.view.View)
com.startupinfosystem.hstore.model.PaymentItem: java.lang.String mId
com.startupinfosystem.hstore.model.HistryItem: java.lang.String status
com.startupinfosystem.hstore.model.MyOrder: java.util.List mProductinfo
com.startupinfosystem.hstore.model.Couponlist: java.lang.String mCValue
com.startupinfosystem.hstore.model.MyOrder: java.lang.String mOrderDate
com.startupinfosystem.hstore.activity.HomeActivity_ViewBinding: HomeActivity_ViewBinding(com.startupinfosystem.hstore.activity.HomeActivity,android.view.View)
com.startupinfosystem.hstore.model.ResultHome: int remainNotification
com.startupinfosystem.hstore.activity.ItemDetailsActivity: void onClick(android.view.View)
com.startupinfosystem.hstore.fragment.CardFragment$ItemAdp$ViewHolder_ViewBinding
com.startupinfosystem.hstore.activity.FirstActivity
com.startupinfosystem.hstore.model.User: java.lang.String name
com.startupinfosystem.hstore.model.ReletedProduct: java.util.List mData
com.startupinfosystem.hstore.activity.SingActivity
com.startupinfosystem.hstore.activity.AddressActivity: AddressActivity()
com.startupinfosystem.hstore.activity.TramsAndConditionActivity_ViewBinding: TramsAndConditionActivity_ViewBinding(com.startupinfosystem.hstore.activity.TramsAndConditionActivity,android.view.View)
com.startupinfosystem.hstore.activity.ContectusActivity_ViewBinding: ContectusActivity_ViewBinding(com.startupinfosystem.hstore.activity.ContectusActivity,android.view.View)
com.startupinfosystem.hstore.model.Couponlist: java.lang.String mCTMode
com.startupinfosystem.hstore.model.ProductItem: java.lang.String mShortDesc
com.startupinfosystem.hstore.adepter.ItemAdp$ViewHolder_ViewBinding: ItemAdp$ViewHolder_ViewBinding(com.startupinfosystem.hstore.adepter.ItemAdp$ViewHolder,android.view.View)
com.startupinfosystem.hstore.activity.ItemDetailsActivity
com.startupinfosystem.hstore.activity.PaypalActivity: PaypalActivity()
com.startupinfosystem.hstore.model.HistryItem: java.lang.String id
com.startupinfosystem.hstore.activity.TramsAndConditionActivity
com.startupinfosystem.hstore.model.LoginUser: java.lang.String mResponseMsg
com.startupinfosystem.hstore.model.DynamicData: java.util.List dynamicItems
com.startupinfosystem.hstore.fragment.MyOrderFragment_ViewBinding
com.startupinfosystem.hstore.activity.WalletActivity
com.startupinfosystem.hstore.model.ProductItem: java.lang.String mSellerName
com.startupinfosystem.hstore.model.ReadNoti: java.lang.String mResponseCode
com.startupinfosystem.hstore.model.HistryItem: java.lang.String amt
com.startupinfosystem.hstore.model.PaymentItem: java.lang.String mImg
com.startupinfosystem.hstore.activity.AboutsActivity_ViewBinding: AboutsActivity_ViewBinding(com.startupinfosystem.hstore.activity.AboutsActivity,android.view.View)
com.startupinfosystem.hstore.adepter.ReletedItemAllAdp$ViewHolder_ViewBinding: ReletedItemAllAdp$ViewHolder_ViewBinding(com.startupinfosystem.hstore.adepter.ReletedItemAllAdp$ViewHolder,android.view.View)
com.startupinfosystem.hstore.model.WalletHistry: java.util.List data
com.startupinfosystem.hstore.model.Payment: java.lang.String mResponseCode
com.startupinfosystem.hstore.activity.PopRatesActivity_ViewBinding
com.startupinfosystem.hstore.model.ResNoti: java.lang.String responseMsg
...
com.google.android.material.R$attr: int drawableEndCompat
androidx.appcompat.resources.R$styleable: int StateListDrawable_android_dither
androidx.appcompat.widget.AppCompatCheckBox: android.content.res.ColorStateList getSupportBackgroundTintList()
androidx.appcompat.R$styleable: int AppCompatTheme_actionModeCutDrawable
com.google.android.material.R$color: int design_error
androidx.appcompat.R$styleable: int AppCompatTheme_actionOverflowMenuStyle
com.google.android.material.R$id: int BOTTOM_START
com.google.android.material.R$dimen: int mtrl_low_ripple_pressed_alpha
com.google.android.material.datepicker.MaterialCalendarGridView: MaterialCalendarGridView(android.content.Context,android.util.AttributeSet,int)
com.razorpay.R$styleable: int AppCompatTheme_windowFixedWidthMajor
com.google.android.material.R$color: int design_default_color_background
com.razorpay.R$style: int Base_Animation_AppCompat_DropDownUp
androidx.constraintlayout.widget.R$styleable: int ConstraintSet_layout_constraintRight_toLeftOf
com.google.android.gms.internal.measurement.zzbk$zzd: com.google.android.gms.internal.measurement.zzbk$zzd zzi
butterknife.R$id: int notification_main_column_container
com.razorpay.OTP
com.google.android.material.R$style: int Base_Widget_AppCompat_RatingBar_Indicator
com.google.android.material.R$styleable: int StateListDrawable_android_variablePadding
androidx.appcompat.R$style: int Theme_AppCompat_NoActionBar
okhttp3.logging.HttpLoggingInterceptor$Level: okhttp3.logging.HttpLoggingInterceptor$Level[] values()
com.razorpay.RzpPluginCompatibilityResponse: boolean isCompatible
com.razorpay.d__1_: int[] B$$W$
com.google.android.material.R$attr: int windowMinWidthMinor
butterknife.OnPageChange$Callback: butterknife.OnPageChange$Callback[] values()
androidx.loader.app.LoaderManagerImpl$LoaderViewModel: LoaderManagerImpl$LoaderViewModel()
androidx.appcompat.widget.Toolbar: void setTitleMarginEnd(int)
com.google.android.material.R$id: int action_divider
androidx.vectordrawable.graphics.drawable.VectorDrawableCompat$VGroup: void setRotation(float)
com.google.android.material.R$dimen: int mtrl_calendar_month_horizontal_padding
com.google.android.gms.internal.measurement.zzbs$zzg: long zzas
com.google.android.material.R$style: int Base_V21_Theme_AppCompat_Light
com.razorpay.R$drawable: int notification_bg_low_normal
butterknife.R$style
com.google.android.material.R$styleable: int Chip_closeIconSize
com.razorpay.Y$_o$: boolean b__J_
androidx.appcompat.R$attr: int contentInsetStart
androidx.coordinatorlayout.R$styleable: int GradientColor_android_gradientRadius
com.razorpay.R$dimen: int hint_alpha_material_light
butterknife.R$id: int tag_unhandled_key_listeners
com.google.android.material.R$attr: int lineHeight
com.google.android.material.floatingactionbutton.FloatingActionButton: void setBackgroundResource(int)
androidx.appcompat.R$id: int action_mode_close_button
com.razorpay.R$dimen: int abc_dropdownitem_icon_width
com.google.android.material.button.MaterialButton: int getStrokeWidth()
androidx.core.R$id: int tag_accessibility_heading
androidx.appcompat.R$styleable: int TextAppearance_android_textColorHint
androidx.appcompat.R$style: int Widget_Compat_NotificationActionText
com.google.android.material.R$attr: int submitBackground
com.razorpay.R$dimen: int abc_edit_text_inset_horizontal_material
com.razorpay.Checkout: void onSuccess(java.lang.String)
com.razorpay.RzpAssist$4
com.razorpay.R$layout: int abc_search_dropdown_item_icons_2line
com.onesignal.JobIntentService$CompatJobEngine: android.os.IBinder compatGetBinder()
com.razorpay.R$dimen: int abc_search_view_preferred_width
com.google.android.material.R$attr: int materialCalendarTheme
butterknife.R$dimen: int notification_small_icon_size_as_large
com.kofigyan.stateprogressbar.R$styleable: int ViewBackgroundHelper_android_background
com.razorpay.AnalyticsEvent: com.razorpay.AnalyticsEvent NATIVE_INTENT_ONACTIVITY_RESULT