CustomerApp/app/unused.txt
com.startupinfosystem.hstore.activity.SingActivity_ViewBinding:
    public void <init>(com.startupinfosystem.hstore.activity.SingActivity)
com.startupinfosystem.hstore.R$animator
com.startupinfosystem.hstore.activity.ItemDetailsActivity_ViewBinding:
    public void <init>(com.startupinfosystem.hstore.activity.ItemDetailsActivity)
com.startupinfosystem.hstore.model.Times:
    public void setData(java.util.List)
    public java.lang.String getResponseCode()
    public void setResponseCode(java.lang.String)
    public java.lang.String getResponseMsg()
    public void setResponseMsg(java.lang.String)
    public java.lang.String getResult()
    public void setResult(java.lang.String)
com.startupinfosystem.hstore.model.Category:
    public void setData(java.util.List)
    public java.lang.String getResponseCode()
    public void setResponseCode(java.lang.String)
    public java.lang.String getResponseMsg()
    public void setResponseMsg(java.lang.String)
    public java.lang.String getResult()
    public void setResult(java.lang.String)
com.startupinfosystem.hstore.R$layout
com.startupinfosystem.hstore.model.Productinfo:
    public void setProductImage(java.lang.String)
    public void setProductName(java.lang.String)
    public void setProductPrice(java.lang.String)
    public void setProductQty(java.lang.String)
    public void setProductWeight(java.lang.String)
    public void setDiscount(int)
com.startupinfosystem.hstore.model.ReadNoti:
    public void setRemainNotification(int)
    public java.lang.String getResponseCode()
    public void setResponseCode(java.lang.String)
    public java.lang.String getResponseMsg()
    public void setResponseMsg(java.lang.String)
    public java.lang.String getResult()
    public void setResult(java.lang.String)
com.startupinfosystem.hstore.activity.NotificationActivity_ViewBinding:
    public void <init>(com.startupinfosystem.hstore.activity.NotificationActivity)
com.startupinfosystem.hstore.R$anim
com.startupinfosystem.hstore.utils.LoopingCirclePageIndicator
com.startupinfosystem.hstore.adepter.CouponAdp$MySpannable:
    public void onClick(android.view.View)
com.startupinfosystem.hstore.activity.WalletActivity_ViewBinding:
    public void <init>(com.startupinfosystem.hstore.activity.WalletActivity)
com.startupinfosystem.hstore.activity.AboutsActivity_ViewBinding:
    public void <init>(com.startupinfosystem.hstore.activity.AboutsActivity)
com.startupinfosystem.hstore.activity.NotificationDetailsActivity_ViewBinding:
    public void <init>(com.startupinfosystem.hstore.activity.NotificationDetailsActivity)
com.startupinfosystem.hstore.activity.ForgotActivity_ViewBinding:
    public void <init>(com.startupinfosystem.hstore.activity.ForgotActivity)
com.startupinfosystem.hstore.database.DatabaseHelper:
    public static final java.lang.String DATABASE_NAME
    public static final java.lang.String TABLE_NAME
    public static final java.lang.String ICOL_1
    public static final java.lang.String ICOL_2
    public static final java.lang.String ICOL_3
    public static final java.lang.String ICOL_4
    public static final java.lang.String ICOL_5
    public static final java.lang.String ICOL_6
    public static final java.lang.String ICOL_7
    public static final java.lang.String ICOL_8
com.startupinfosystem.hstore.activity.HomeActivity_ViewBinding:
    public void <init>(com.startupinfosystem.hstore.activity.HomeActivity)
...
androidx.appcompat.graphics.drawable.DrawableWrapper:
    public android.graphics.drawable.Drawable getWrappedDrawable()
    public void setWrappedDrawable(android.graphics.drawable.Drawable)
com.paypal.android.sdk.an:
    public static android.content.Intent a(java.lang.String,java.lang.String)
    public static void <clinit>()
    public final boolean a(android.content.Context,boolean)
    public final boolean a(android.content.Context,java.lang.String,java.lang.String)
    public static final java.lang.String a
com.google.android.gms.measurement.internal.zzka$zza:
    public void <init>(com.google.android.gms.measurement.internal.zzka)
    public static long zza(com.google.android.gms.internal.measurement.zzbs$zzc)
    public final synthetic com.google.android.gms.measurement.internal.zzka zze
androidx.recyclerview.widget.LinearLayoutManager:
    public int getOrientation()
    public void setReverseLayout(boolean)
    public int getExtraLayoutSpace(androidx.recyclerview.widget.RecyclerView$State)
    public androidx.recyclerview.widget.LinearLayoutManager$LayoutState createLayoutState()
    public boolean isSmoothScrollbarEnabled()
    public final void layoutForPredictiveAnimations(androidx.recyclerview.widget.RecyclerView$Recycler,androidx.recyclerview.widget.RecyclerView$State,int,int)
    public final void updateAnchorInfoForLayout(androidx.recyclerview.widget.RecyclerView$Recycler,androidx.recyclerview.widget.RecyclerView$State,androidx.recyclerview.widget.LinearLayoutManager$AnchorInfo)
    public final boolean updateAnchorFromChildren(androidx.recyclerview.widget.RecyclerView$Recycler,androidx.recyclerview.widget.RecyclerView$State,androidx.recyclerview.widget.LinearLayoutManager$AnchorInfo)
    public final boolean updateAnchorFromPendingData(androidx.recyclerview.widget.RecyclerView$State,androidx.recyclerview.widget.LinearLayoutManager$AnchorInfo)
    public final void updateLayoutStateToFillEnd(androidx.recyclerview.widget.LinearLayoutManager$AnchorInfo)
    public final void updateLayoutStateToFillStart(androidx.recyclerview.widget.LinearLayoutManager$AnchorInfo)
    public final void recycleViewsFromStart(androidx.recyclerview.widget.RecyclerView$Recycler,int,int)
com.google.android.gms.common.api.internal.LifecycleActivity:
    public boolean isSupport()
    public final boolean zzh()
    public android.app.Activity asActivity()
    public androidx.fragment.app.FragmentActivity asFragmentActivity()
com.google.android.gms.internal.measurement.zznd:
    public static boolean zzb()
    public void <init>(com.google.android.gms.internal.measurement.zzdb)
com.bumptech.glide.load.model.stream.UrlLoader:
    public com.bumptech.glide.load.model.ModelLoader$LoadData buildLoadData(java.net.URL,int,int,com.bumptech.glide.load.Options)
    public boolean handles()
androidx.vectordrawable.graphics.drawable.VectorDrawableCompat:
    public static android.graphics.PorterDuff$Mode parseTintModeCompat(int,android.graphics.PorterDuff$Mode)
    public java.lang.Object getTargetByName(java.lang.String)
    public void setAllowCaching(boolean)
    public final void updateStateFromTypedArray(android.content.res.TypedArray,org.xmlpull.v1.XmlPullParser,android.content.res.Resources$Theme)
    public final void inflateInternal(android.content.res.Resources,org.xmlpull.v1.XmlPullParser,android.util.AttributeSet,android.content.res.Resources$Theme)
    public final boolean needMirroring()
    public android.graphics.drawable.Drawable$ConstantState mCachedConstantStateDelegate
io.card.payment.i18n.locales.LocalizedStringsEN_GB:
    public java.lang.String getAdaptedDisplay(io.card.payment.i18n.StringKey,java.lang.String)
com.google.android.material.button.MaterialButton:
    public final boolean isLayoutRTL()
    public final void resetIconDrawable(boolean)